framework_lib/build/outputs/logs/manifest-merger-debug-report.txt
-- Merging decision tree log ---
manifest
ADDED from HuiXinEXiao/framework_lib/AndroidManifest.xml:1:1-12:12
INJECTED from HuiXinEXiao/framework_lib/AndroidManifest.xml:1:1-12:12
INJECTED from HuiXinEXiao/framework_lib/AndroidManifest.xml:1:1-12:12
INJECTED from HuiXinEXiao/framework_lib/AndroidManifest.xml:1:1-12:12
INJECTED from HuiXinEXiao/framework_lib/AndroidManifest.xml:1:1-12:12
INJECTED from HuiXinEXiao/framework_lib/AndroidManifest.xml:1:1-12:12
INJECTED from HuiXinEXiao/framework_lib/AndroidManifest.xml:1:1-12:12
	package
		ADDED from HuiXinEXiao/framework_lib/AndroidManifest.xml:2:5-32
		INJECTED from HuiXinEXiao/framework_lib/AndroidManifest.xml
		INJECTED from HuiXinEXiao/framework_lib/AndroidManifest.xml
	android:versionName
		ADDED from HuiXinEXiao/framework_lib/AndroidManifest.xml:4:5-30
		INJECTED from HuiXinEXiao/framework_lib/AndroidManifest.xml
		INJECTED from HuiXinEXiao/framework_lib/AndroidManifest.xml
	xmlns:android
		ADDED from HuiXinEXiao/framework_lib/AndroidManifest.xml:1:11-69
	android:versionCode
		ADDED from HuiXinEXiao/framework_lib/AndroidManifest.xml:3:5-28
		INJECTED from HuiXinEXiao/framework_lib/AndroidManifest.xml
		INJECTED from HuiXinEXiao/framework_lib/AndroidManifest.xml
uses-sdk
ADDED from HuiXinEXiao/framework_lib/AndroidManifest.xml:6:5-8:41
	android:targetSdkVersion
		ADDED from HuiXinEXiao/framework_lib/AndroidManifest.xml:8:9-38
	android:minSdkVersion
		ADDED from HuiXinEXiao/framework_lib/AndroidManifest.xml:7:9-34
uses-permission#android.permission.ACCESS_WIFI_STATE
ADDED from HuiXinEXiao/framework_lib/AndroidManifest.xml:10:5-76
	android:name
		ADDED from HuiXinEXiao/framework_lib/AndroidManifest.xml:10:22-73